2025-03-19 14:11:23 - Connect to allDatas!
2025-03-19 14:11:36 - HHH90000025: H2Dialect does not need to be specified explicitly using 'hibernate.dialect' (remove the property setting and it will be selected by default)
2025-03-19 14:11:38 - spring.jpa.open-in-view is enabled by default. Therefore, database queries may be performed during view rendering. Explicitly configure spring.jpa.open-in-view to disable this warning
2025-03-19 14:11:49 - Connect to allDatas!
2025-03-19 14:12:35 - Invocation of destroy method failed on bean with name 'inMemoryDatabaseShutdownExecutor': org.h2.jdbc.JdbcSQLNonTransientConnectionException: La base de données est déjà fermée (pour désactiver la fermeture automatique à l'arrêt de la VM, ajoutez "; DB_CLOSE_ON_EXIT = FALSE" à l'URL db)
Database is already closed (to disable automatic closing at VM shutdown, add ";DB_CLOSE_ON_EXIT=FALSE" to the db URL) [90121-232]
2025-03-19 14:12:36 - Starting PayYouPayMeApplication using Java 21.0.2 with PID 40128 (C:\Users\desch\Downloads\PayYouPayMe\PayYouPayMe\target\classes started by desch in C:\Users\desch\Downloads\PayYouPayMe\PayYouPayMe)
2025-03-19 14:12:36 - No active profile set, falling back to 1 default profile: "default"
2025-03-19 14:12:36 - Bootstrapping Spring Data JPA repositories in DEFAULT mode.
2025-03-19 14:12:36 - Finished Spring Data repository scanning in 14 ms. Found 3 JPA repository interfaces.
2025-03-19 14:12:36 - Tomcat initialized with port 8081 (http)
2025-03-19 14:12:36 - Starting service [Tomcat]
2025-03-19 14:12:36 - Starting Servlet engine: [Apache Tomcat/10.1.36]
2025-03-19 14:12:36 - Initializing Spring embedded WebApplicationContext
2025-03-19 14:12:36 - Root WebApplicationContext: initialization completed in 376 ms
2025-03-19 14:12:36 - HikariPool-2 - Starting...
2025-03-19 14:12:36 - HikariPool-2 - Added connection conn10: url=jdbc:h2:mem:pypm user=ROOT
2025-03-19 14:12:36 - HikariPool-2 - Start completed.
2025-03-19 14:12:36 - HHH000204: Processing PersistenceUnitInfo [name: default]
2025-03-19 14:12:36 - HHH000026: Second-level cache disabled
2025-03-19 14:12:36 - No LoadTimeWeaver setup: ignoring JPA class transformer
2025-03-19 14:12:36 - HHH90000025: H2Dialect does not need to be specified explicitly using 'hibernate.dialect' (remove the property setting and it will be selected by default)
2025-03-19 14:12:36 - HHH10001005: Database info:
	Database JDBC URL [Connecting through datasource 'HikariDataSource (HikariPool-2)']
	Database driver: undefined/unknown
	Database version: 2.3.232
	Autocommit mode: undefined/unknown
	Isolation level: undefined/unknown
	Minimum pool size: undefined/unknown
	Maximum pool size: undefined/unknown
2025-03-19 14:12:36 - HHH000489: No JTA platform available (set 'hibernate.transaction.jta.platform' to enable JTA platform integration)
2025-03-19 14:12:36 - Initialized JPA EntityManagerFactory for persistence unit 'default'
2025-03-19 14:12:36 - spring.jpa.open-in-view is enabled by default. Therefore, database queries may be performed during view rendering. Explicitly configure spring.jpa.open-in-view to disable this warning
2025-03-19 14:12:36 - Global AuthenticationManager configured with UserDetailsService bean with name inMemoryUserDetailsManager
2025-03-19 14:12:36 - H2 console available at '/h2-console'. Database available at 'jdbc:h2:mem:pypm'
2025-03-19 14:12:36 - LiveReload server is running on port 35729
2025-03-19 14:12:36 - Tomcat started on port 8081 (http) with context path '/'
2025-03-19 14:12:36 - Started PayYouPayMeApplication in 0.798 seconds (process running for 65.306)
2025-03-19 14:12:36 - Condition evaluation unchanged
2025-03-19 14:14:44 - Restarting due to 3 class path changes (0 additions, 0 deletions, 3 modifications)
2025-03-19 14:14:44 - Commencing graceful shutdown. Waiting for active requests to complete
2025-03-19 14:14:44 - Graceful shutdown complete
2025-03-19 14:14:44 - Closing JPA EntityManagerFactory for persistence unit 'default'
2025-03-19 14:14:44 - Invocation of destroy method failed on bean with name 'inMemoryDatabaseShutdownExecutor': org.h2.jdbc.JdbcSQLNonTransientConnectionException: La base de données est déjà fermée (pour désactiver la fermeture automatique à l'arrêt de la VM, ajoutez "; DB_CLOSE_ON_EXIT = FALSE" à l'URL db)
Database is already closed (to disable automatic closing at VM shutdown, add ";DB_CLOSE_ON_EXIT=FALSE" to the db URL) [90121-232]
2025-03-19 14:14:44 - HikariPool-2 - Shutdown initiated...
2025-03-19 14:14:44 - HikariPool-2 - Shutdown completed.
2025-03-19 14:14:44 - Starting PayYouPayMeApplication using Java 21.0.2 with PID 40128 (C:\Users\desch\Downloads\PayYouPayMe\PayYouPayMe\target\classes started by desch in C:\Users\desch\Downloads\PayYouPayMe\PayYouPayMe)
2025-03-19 14:14:44 - No active profile set, falling back to 1 default profile: "default"
2025-03-19 14:14:44 - Bootstrapping Spring Data JPA repositories in DEFAULT mode.
2025-03-19 14:14:44 - Finished Spring Data repository scanning in 23 ms. Found 3 JPA repository interfaces.
2025-03-19 14:14:44 - Tomcat initialized with port 8081 (http)
2025-03-19 14:14:44 - Starting service [Tomcat]
2025-03-19 14:14:44 - Starting Servlet engine: [Apache Tomcat/10.1.36]
2025-03-19 14:14:44 - Initializing Spring embedded WebApplicationContext
2025-03-19 14:14:44 - Root WebApplicationContext: initialization completed in 405 ms
2025-03-19 14:14:44 - HikariPool-3 - Starting...
2025-03-19 14:14:44 - HikariPool-3 - Added connection conn20: url=jdbc:h2:mem:pypm user=ROOT
2025-03-19 14:14:44 - HikariPool-3 - Start completed.
2025-03-19 14:14:44 - HHH000204: Processing PersistenceUnitInfo [name: default]
2025-03-19 14:14:44 - HHH000026: Second-level cache disabled
2025-03-19 14:14:44 - No LoadTimeWeaver setup: ignoring JPA class transformer
2025-03-19 14:14:44 - HHH90000025: H2Dialect does not need to be specified explicitly using 'hibernate.dialect' (remove the property setting and it will be selected by default)
2025-03-19 14:14:44 - HHH10001005: Database info:
	Database JDBC URL [Connecting through datasource 'HikariDataSource (HikariPool-3)']
	Database driver: undefined/unknown
	Database version: 2.3.232
	Autocommit mode: undefined/unknown
	Isolation level: undefined/unknown
	Minimum pool size: undefined/unknown
	Maximum pool size: undefined/unknown
2025-03-19 14:14:44 - HHH000489: No JTA platform available (set 'hibernate.transaction.jta.platform' to enable JTA platform integration)
2025-03-19 14:14:44 - Initialized JPA EntityManagerFactory for persistence unit 'default'
2025-03-19 14:14:45 - spring.jpa.open-in-view is enabled by default. Therefore, database queries may be performed during view rendering. Explicitly configure spring.jpa.open-in-view to disable this warning
2025-03-19 14:14:45 - Global AuthenticationManager configured with UserDetailsService bean with name inMemoryUserDetailsManager
2025-03-19 14:14:45 - H2 console available at '/h2-console'. Database available at 'jdbc:h2:mem:pypm'
2025-03-19 14:14:45 - LiveReload server is running on port 35729
2025-03-19 14:14:45 - Tomcat started on port 8081 (http) with context path '/'
2025-03-19 14:14:45 - Started PayYouPayMeApplication in 0.783 seconds (process running for 193.569)
2025-03-19 14:14:45 - Condition evaluation unchanged
2025-03-19 14:14:46 - Restarting due to 23 class path changes (0 additions, 0 deletions, 23 modifications)
2025-03-19 14:14:46 - Commencing graceful shutdown. Waiting for active requests to complete
2025-03-19 14:14:46 - Graceful shutdown complete
2025-03-19 14:14:46 - Closing JPA EntityManagerFactory for persistence unit 'default'
2025-03-19 14:14:46 - Invocation of destroy method failed on bean with name 'inMemoryDatabaseShutdownExecutor': org.h2.jdbc.JdbcSQLNonTransientConnectionException: La base de données est déjà fermée (pour désactiver la fermeture automatique à l'arrêt de la VM, ajoutez "; DB_CLOSE_ON_EXIT = FALSE" à l'URL db)
Database is already closed (to disable automatic closing at VM shutdown, add ";DB_CLOSE_ON_EXIT=FALSE" to the db URL) [90121-232]
2025-03-19 14:14:46 - HikariPool-3 - Shutdown initiated...
2025-03-19 14:14:46 - HikariPool-3 - Shutdown completed.
2025-03-19 14:14:46 - Starting PayYouPayMeApplication using Java 21.0.2 with PID 40128 (C:\Users\desch\Downloads\PayYouPayMe\PayYouPayMe\target\classes started by desch in C:\Users\desch\Downloads\PayYouPayMe\PayYouPayMe)
2025-03-19 14:14:46 - No active profile set, falling back to 1 default profile: "default"
2025-03-19 14:14:46 - Bootstrapping Spring Data JPA repositories in DEFAULT mode.
2025-03-19 14:14:46 - Finished Spring Data repository scanning in 17 ms. Found 3 JPA repository interfaces.
2025-03-19 14:14:46 - Tomcat initialized with port 8081 (http)
2025-03-19 14:14:46 - Starting service [Tomcat]
2025-03-19 14:14:46 - Starting Servlet engine: [Apache Tomcat/10.1.36]
2025-03-19 14:14:46 - Initializing Spring embedded WebApplicationContext
2025-03-19 14:14:46 - Root WebApplicationContext: initialization completed in 323 ms
2025-03-19 14:14:47 - HikariPool-4 - Starting...
2025-03-19 14:14:47 - HikariPool-4 - Added connection conn30: url=jdbc:h2:mem:pypm user=ROOT
2025-03-19 14:14:47 - HikariPool-4 - Start completed.
2025-03-19 14:14:47 - HHH000204: Processing PersistenceUnitInfo [name: default]
2025-03-19 14:14:47 - HHH000026: Second-level cache disabled
2025-03-19 14:14:47 - No LoadTimeWeaver setup: ignoring JPA class transformer
2025-03-19 14:14:47 - HHH90000025: H2Dialect does not need to be specified explicitly using 'hibernate.dialect' (remove the property setting and it will be selected by default)
2025-03-19 14:14:47 - HHH10001005: Database info:
	Database JDBC URL [Connecting through datasource 'HikariDataSource (HikariPool-4)']
	Database driver: undefined/unknown
	Database version: 2.3.232
	Autocommit mode: undefined/unknown
	Isolation level: undefined/unknown
	Minimum pool size: undefined/unknown
	Maximum pool size: undefined/unknown
2025-03-19 14:14:47 - HHH000489: No JTA platform available (set 'hibernate.transaction.jta.platform' to enable JTA platform integration)
2025-03-19 14:14:47 - Initialized JPA EntityManagerFactory for persistence unit 'default'
2025-03-19 14:14:47 - spring.jpa.open-in-view is enabled by default. Therefore, database queries may be performed during view rendering. Explicitly configure spring.jpa.open-in-view to disable this warning
2025-03-19 14:14:47 - Global AuthenticationManager configured with UserDetailsService bean with name inMemoryUserDetailsManager
2025-03-19 14:14:47 - H2 console available at '/h2-console'. Database available at 'jdbc:h2:mem:pypm'
2025-03-19 14:14:47 - LiveReload server is running on port 35729
2025-03-19 14:14:47 - Tomcat started on port 8081 (http) with context path '/'
2025-03-19 14:14:47 - Started PayYouPayMeApplication in 0.722 seconds (process running for 195.802)
2025-03-19 14:14:47 - Condition evaluation unchanged
2025-03-19 14:17:08 - Restarting due to 23 class path changes (0 additions, 0 deletions, 23 modifications)
2025-03-19 14:17:08 - Commencing graceful shutdown. Waiting for active requests to complete
2025-03-19 14:17:08 - Graceful shutdown complete
2025-03-19 14:17:08 - Closing JPA EntityManagerFactory for persistence unit 'default'
2025-03-19 14:17:08 - Invocation of destroy method failed on bean with name 'inMemoryDatabaseShutdownExecutor': org.h2.jdbc.JdbcSQLNonTransientConnectionException: La base de données est déjà fermée (pour désactiver la fermeture automatique à l'arrêt de la VM, ajoutez "; DB_CLOSE_ON_EXIT = FALSE" à l'URL db)
Database is already closed (to disable automatic closing at VM shutdown, add ";DB_CLOSE_ON_EXIT=FALSE" to the db URL) [90121-232]
2025-03-19 14:17:08 - HikariPool-4 - Shutdown initiated...
2025-03-19 14:17:08 - HikariPool-4 - Shutdown completed.
2025-03-19 14:17:08 - Starting PayYouPayMeApplication using Java 21.0.2 with PID 40128 (C:\Users\desch\Downloads\PayYouPayMe\PayYouPayMe\target\classes started by desch in C:\Users\desch\Downloads\PayYouPayMe\PayYouPayMe)
2025-03-19 14:17:08 - No active profile set, falling back to 1 default profile: "default"
2025-03-19 14:17:08 - Bootstrapping Spring Data JPA repositories in DEFAULT mode.
2025-03-19 14:17:08 - Finished Spring Data repository scanning in 17 ms. Found 3 JPA repository interfaces.
2025-03-19 14:17:08 - Tomcat initialized with port 8081 (http)
2025-03-19 14:17:08 - Starting service [Tomcat]
2025-03-19 14:17:08 - Starting Servlet engine: [Apache Tomcat/10.1.36]
2025-03-19 14:17:08 - Initializing Spring embedded WebApplicationContext
2025-03-19 14:17:08 - Root WebApplicationContext: initialization completed in 242 ms
2025-03-19 14:17:08 - HikariPool-5 - Starting...
2025-03-19 14:17:08 - HikariPool-5 - Added connection conn40: url=jdbc:h2:mem:pypm user=ROOT
2025-03-19 14:17:08 - HikariPool-5 - Start completed.
2025-03-19 14:17:08 - HHH000204: Processing PersistenceUnitInfo [name: default]
2025-03-19 14:17:08 - HHH000026: Second-level cache disabled
2025-03-19 14:17:08 - No LoadTimeWeaver setup: ignoring JPA class transformer
2025-03-19 14:17:08 - HHH90000025: H2Dialect does not need to be specified explicitly using 'hibernate.dialect' (remove the property setting and it will be selected by default)
2025-03-19 14:17:08 - HHH10001005: Database info:
	Database JDBC URL [Connecting through datasource 'HikariDataSource (HikariPool-5)']
	Database driver: undefined/unknown
	Database version: 2.3.232
	Autocommit mode: undefined/unknown
	Isolation level: undefined/unknown
	Minimum pool size: undefined/unknown
	Maximum pool size: undefined/unknown
2025-03-19 14:17:08 - HHH000489: No JTA platform available (set 'hibernate.transaction.jta.platform' to enable JTA platform integration)
2025-03-19 14:17:08 - Initialized JPA EntityManagerFactory for persistence unit 'default'
2025-03-19 14:17:08 - spring.jpa.open-in-view is enabled by default. Therefore, database queries may be performed during view rendering. Explicitly configure spring.jpa.open-in-view to disable this warning
2025-03-19 14:17:08 - Global AuthenticationManager configured with UserDetailsService bean with name inMemoryUserDetailsManager
2025-03-19 14:17:09 - H2 console available at '/h2-console'. Database available at 'jdbc:h2:mem:pypm'
2025-03-19 14:17:09 - LiveReload server is running on port 35729
2025-03-19 14:17:09 - Tomcat started on port 8081 (http) with context path '/'
2025-03-19 14:17:09 - Started PayYouPayMeApplication in 0.535 seconds (process running for 337.493)
2025-03-19 14:17:09 - Condition evaluation unchanged
2025-03-19 14:17:12 - Restarting due to 3 class path changes (0 additions, 0 deletions, 3 modifications)
2025-03-19 14:17:12 - Commencing graceful shutdown. Waiting for active requests to complete
2025-03-19 14:17:12 - Graceful shutdown complete
2025-03-19 14:17:12 - Closing JPA EntityManagerFactory for persistence unit 'default'
2025-03-19 14:17:12 - Invocation of destroy method failed on bean with name 'inMemoryDatabaseShutdownExecutor': org.h2.jdbc.JdbcSQLNonTransientConnectionException: La base de données est déjà fermée (pour désactiver la fermeture automatique à l'arrêt de la VM, ajoutez "; DB_CLOSE_ON_EXIT = FALSE" à l'URL db)
Database is already closed (to disable automatic closing at VM shutdown, add ";DB_CLOSE_ON_EXIT=FALSE" to the db URL) [90121-232]
2025-03-19 14:17:12 - HikariPool-5 - Shutdown initiated...
2025-03-19 14:17:12 - HikariPool-5 - Shutdown completed.
2025-03-19 14:17:12 - Starting PayYouPayMeApplication using Java 21.0.2 with PID 40128 (C:\Users\desch\Downloads\PayYouPayMe\PayYouPayMe\target\classes started by desch in C:\Users\desch\Downloads\PayYouPayMe\PayYouPayMe)
2025-03-19 14:17:12 - No active profile set, falling back to 1 default profile: "default"
2025-03-19 14:17:12 - Bootstrapping Spring Data JPA repositories in DEFAULT mode.
2025-03-19 14:17:12 - Finished Spring Data repository scanning in 18 ms. Found 3 JPA repository interfaces.
2025-03-19 14:17:12 - Tomcat initialized with port 8081 (http)
2025-03-19 14:17:12 - Starting service [Tomcat]
2025-03-19 14:17:12 - Starting Servlet engine: [Apache Tomcat/10.1.36]
2025-03-19 14:17:12 - Initializing Spring embedded WebApplicationContext
2025-03-19 14:17:12 - Root WebApplicationContext: initialization completed in 269 ms
2025-03-19 14:17:12 - HikariPool-6 - Starting...
2025-03-19 14:17:12 - HikariPool-6 - Added connection conn50: url=jdbc:h2:mem:pypm user=ROOT
2025-03-19 14:17:12 - HikariPool-6 - Start completed.
2025-03-19 14:17:12 - HHH000204: Processing PersistenceUnitInfo [name: default]
2025-03-19 14:17:12 - HHH000026: Second-level cache disabled
2025-03-19 14:17:12 - No LoadTimeWeaver setup: ignoring JPA class transformer
2025-03-19 14:17:12 - HHH90000025: H2Dialect does not need to be specified explicitly using 'hibernate.dialect' (remove the property setting and it will be selected by default)
2025-03-19 14:17:12 - HHH10001005: Database info:
	Database JDBC URL [Connecting through datasource 'HikariDataSource (HikariPool-6)']
	Database driver: undefined/unknown
	Database version: 2.3.232
	Autocommit mode: undefined/unknown
	Isolation level: undefined/unknown
	Minimum pool size: undefined/unknown
	Maximum pool size: undefined/unknown
2025-03-19 14:17:12 - HHH000489: No JTA platform available (set 'hibernate.transaction.jta.platform' to enable JTA platform integration)
2025-03-19 14:17:12 - Initialized JPA EntityManagerFactory for persistence unit 'default'
2025-03-19 14:17:13 - spring.jpa.open-in-view is enabled by default. Therefore, database queries may be performed during view rendering. Explicitly configure spring.jpa.open-in-view to disable this warning
2025-03-19 14:17:13 - Global AuthenticationManager configured with UserDetailsService bean with name inMemoryUserDetailsManager
2025-03-19 14:17:13 - H2 console available at '/h2-console'. Database available at 'jdbc:h2:mem:pypm'
2025-03-19 14:17:13 - LiveReload server is running on port 35729
2025-03-19 14:17:13 - Tomcat started on port 8081 (http) with context path '/'
2025-03-19 14:17:13 - Started PayYouPayMeApplication in 0.566 seconds (process running for 341.572)
2025-03-19 14:17:13 - Condition evaluation unchanged
2025-03-19 14:18:25 - Restarting due to 3 class path changes (0 additions, 0 deletions, 3 modifications)
2025-03-19 14:18:25 - Commencing graceful shutdown. Waiting for active requests to complete
2025-03-19 14:18:25 - Graceful shutdown complete
2025-03-19 14:18:25 - Closing JPA EntityManagerFactory for persistence unit 'default'
2025-03-19 14:18:25 - Invocation of destroy method failed on bean with name 'inMemoryDatabaseShutdownExecutor': org.h2.jdbc.JdbcSQLNonTransientConnectionException: La base de données est déjà fermée (pour désactiver la fermeture automatique à l'arrêt de la VM, ajoutez "; DB_CLOSE_ON_EXIT = FALSE" à l'URL db)
Database is already closed (to disable automatic closing at VM shutdown, add ";DB_CLOSE_ON_EXIT=FALSE" to the db URL) [90121-232]
2025-03-19 14:18:25 - HikariPool-6 - Shutdown initiated...
2025-03-19 14:18:25 - HikariPool-6 - Shutdown completed.
2025-03-19 14:18:25 - Starting PayYouPayMeApplication using Java 21.0.2 with PID 40128 (C:\Users\desch\Downloads\PayYouPayMe\PayYouPayMe\target\classes started by desch in C:\Users\desch\Downloads\PayYouPayMe\PayYouPayMe)
2025-03-19 14:18:25 - No active profile set, falling back to 1 default profile: "default"
2025-03-19 14:18:26 - Bootstrapping Spring Data JPA repositories in DEFAULT mode.
2025-03-19 14:18:26 - Finished Spring Data repository scanning in 19 ms. Found 3 JPA repository interfaces.
2025-03-19 14:18:26 - Tomcat initialized with port 8081 (http)
2025-03-19 14:18:26 - Starting service [Tomcat]
2025-03-19 14:18:26 - Starting Servlet engine: [Apache Tomcat/10.1.36]
2025-03-19 14:18:26 - Initializing Spring embedded WebApplicationContext
2025-03-19 14:18:26 - Root WebApplicationContext: initialization completed in 417 ms
2025-03-19 14:18:26 - HikariPool-7 - Starting...
2025-03-19 14:18:26 - HikariPool-7 - Added connection conn60: url=jdbc:h2:mem:pypm user=ROOT
2025-03-19 14:18:26 - HikariPool-7 - Start completed.
2025-03-19 14:18:26 - HHH000204: Processing PersistenceUnitInfo [name: default]
2025-03-19 14:18:26 - HHH000026: Second-level cache disabled
2025-03-19 14:18:26 - No LoadTimeWeaver setup: ignoring JPA class transformer
2025-03-19 14:18:26 - HHH90000025: H2Dialect does not need to be specified explicitly using 'hibernate.dialect' (remove the property setting and it will be selected by default)
2025-03-19 14:18:26 - HHH10001005: Database info:
	Database JDBC URL [Connecting through datasource 'HikariDataSource (HikariPool-7)']
	Database driver: undefined/unknown
	Database version: 2.3.232
	Autocommit mode: undefined/unknown
	Isolation level: undefined/unknown
	Minimum pool size: undefined/unknown
	Maximum pool size: undefined/unknown
2025-03-19 14:18:26 - HHH000489: No JTA platform available (set 'hibernate.transaction.jta.platform' to enable JTA platform integration)
2025-03-19 14:18:26 - Initialized JPA EntityManagerFactory for persistence unit 'default'
2025-03-19 14:18:26 - spring.jpa.open-in-view is enabled by default. Therefore, database queries may be performed during view rendering. Explicitly configure spring.jpa.open-in-view to disable this warning
2025-03-19 14:18:26 - Global AuthenticationManager configured with UserDetailsService bean with name inMemoryUserDetailsManager
2025-03-19 14:18:26 - H2 console available at '/h2-console'. Database available at 'jdbc:h2:mem:pypm'
2025-03-19 14:18:26 - LiveReload server is running on port 35729
2025-03-19 14:18:26 - Tomcat started on port 8081 (http) with context path '/'
2025-03-19 14:18:26 - Started PayYouPayMeApplication in 0.77 seconds (process running for 414.986)
2025-03-19 14:18:26 - Condition evaluation unchanged
2025-03-19 15:24:59 - Restarting due to 1 class path change (0 additions, 0 deletions, 1 modification)
2025-03-19 15:24:59 - Commencing graceful shutdown. Waiting for active requests to complete
2025-03-19 15:24:59 - Graceful shutdown complete
2025-03-19 15:24:59 - Closing JPA EntityManagerFactory for persistence unit 'default'
2025-03-19 15:24:59 - Invocation of destroy method failed on bean with name 'inMemoryDatabaseShutdownExecutor': org.h2.jdbc.JdbcSQLNonTransientConnectionException: La base de données est déjà fermée (pour désactiver la fermeture automatique à l'arrêt de la VM, ajoutez "; DB_CLOSE_ON_EXIT = FALSE" à l'URL db)
Database is already closed (to disable automatic closing at VM shutdown, add ";DB_CLOSE_ON_EXIT=FALSE" to the db URL) [90121-232]
2025-03-19 15:24:59 - HikariPool-7 - Shutdown initiated...
2025-03-19 15:24:59 - HikariPool-7 - Shutdown completed.
2025-03-19 15:24:59 - Starting PayYouPayMeApplication using Java 21.0.2 with PID 40128 (C:\Users\desch\Downloads\PayYouPayMe\PayYouPayMe\target\classes started by desch in C:\Users\desch\Downloads\PayYouPayMe\PayYouPayMe)
2025-03-19 15:24:59 - No active profile set, falling back to 1 default profile: "default"
2025-03-19 15:24:59 - Bootstrapping Spring Data JPA repositories in DEFAULT mode.
2025-03-19 15:24:59 - Finished Spring Data repository scanning in 13 ms. Found 3 JPA repository interfaces.
2025-03-19 15:25:00 - Tomcat initialized with port 8081 (http)
2025-03-19 15:25:00 - Starting service [Tomcat]
2025-03-19 15:25:00 - Starting Servlet engine: [Apache Tomcat/10.1.36]
2025-03-19 15:25:00 - Initializing Spring embedded WebApplicationContext
2025-03-19 15:25:00 - Root WebApplicationContext: initialization completed in 259 ms
2025-03-19 15:25:00 - HikariPool-8 - Starting...
2025-03-19 15:25:00 - HikariPool-8 - Added connection conn90: url=jdbc:h2:mem:pypm user=ROOT
2025-03-19 15:25:00 - HikariPool-8 - Start completed.
2025-03-19 15:25:00 - HHH000204: Processing PersistenceUnitInfo [name: default]
2025-03-19 15:25:00 - HHH000026: Second-level cache disabled
2025-03-19 15:25:00 - No LoadTimeWeaver setup: ignoring JPA class transformer
2025-03-19 15:25:00 - HHH90000025: H2Dialect does not need to be specified explicitly using 'hibernate.dialect' (remove the property setting and it will be selected by default)
2025-03-19 15:25:00 - HHH10001005: Database info:
	Database JDBC URL [Connecting through datasource 'HikariDataSource (HikariPool-8)']
	Database driver: undefined/unknown
	Database version: 2.3.232
	Autocommit mode: undefined/unknown
	Isolation level: undefined/unknown
	Minimum pool size: undefined/unknown
	Maximum pool size: undefined/unknown
2025-03-19 15:25:00 - HHH000489: No JTA platform available (set 'hibernate.transaction.jta.platform' to enable JTA platform integration)
2025-03-19 15:25:00 - Initialized JPA EntityManagerFactory for persistence unit 'default'
2025-03-19 15:25:00 - spring.jpa.open-in-view is enabled by default. Therefore, database queries may be performed during view rendering. Explicitly configure spring.jpa.open-in-view to disable this warning
2025-03-19 15:25:00 - Global AuthenticationManager configured with UserDetailsService bean with name inMemoryUserDetailsManager
2025-03-19 15:25:00 - H2 console available at '/h2-console'. Database available at 'jdbc:h2:mem:pypm'
2025-03-19 15:25:00 - LiveReload server is running on port 35729
2025-03-19 15:25:00 - Tomcat started on port 8081 (http) with context path '/'
2025-03-19 15:25:00 - Started PayYouPayMeApplication in 0.725 seconds (process running for 4408.868)
2025-03-19 15:25:00 - Condition evaluation unchanged
2025-03-19 15:25:12 - Restarting due to 1 class path change (0 additions, 0 deletions, 1 modification)
2025-03-19 15:25:12 - Commencing graceful shutdown. Waiting for active requests to complete
2025-03-19 15:25:13 - Graceful shutdown complete
2025-03-19 15:25:13 - Closing JPA EntityManagerFactory for persistence unit 'default'
2025-03-19 15:25:13 - Invocation of destroy method failed on bean with name 'inMemoryDatabaseShutdownExecutor': org.h2.jdbc.JdbcSQLNonTransientConnectionException: La base de données est déjà fermée (pour désactiver la fermeture automatique à l'arrêt de la VM, ajoutez "; DB_CLOSE_ON_EXIT = FALSE" à l'URL db)
Database is already closed (to disable automatic closing at VM shutdown, add ";DB_CLOSE_ON_EXIT=FALSE" to the db URL) [90121-232]
2025-03-19 15:25:13 - HikariPool-8 - Shutdown initiated...
2025-03-19 15:25:13 - HikariPool-8 - Shutdown completed.
2025-03-19 15:25:13 - Starting PayYouPayMeApplication using Java 21.0.2 with PID 40128 (C:\Users\desch\Downloads\PayYouPayMe\PayYouPayMe\target\classes started by desch in C:\Users\desch\Downloads\PayYouPayMe\PayYouPayMe)
2025-03-19 15:25:13 - No active profile set, falling back to 1 default profile: "default"
2025-03-19 15:25:13 - Bootstrapping Spring Data JPA repositories in DEFAULT mode.
2025-03-19 15:25:13 - Finished Spring Data repository scanning in 12 ms. Found 3 JPA repository interfaces.
2025-03-19 15:25:13 - Tomcat initialized with port 8081 (http)
2025-03-19 15:25:13 - Starting service [Tomcat]
2025-03-19 15:25:13 - Starting Servlet engine: [Apache Tomcat/10.1.36]
2025-03-19 15:25:13 - Initializing Spring embedded WebApplicationContext
2025-03-19 15:25:13 - Root WebApplicationContext: initialization completed in 226 ms
2025-03-19 15:25:13 - HikariPool-9 - Starting...
2025-03-19 15:25:13 - HikariPool-9 - Added connection conn100: url=jdbc:h2:mem:pypm user=ROOT
2025-03-19 15:25:13 - HikariPool-9 - Start completed.
2025-03-19 15:25:13 - HHH000204: Processing PersistenceUnitInfo [name: default]
2025-03-19 15:25:13 - HHH000026: Second-level cache disabled
2025-03-19 15:25:13 - No LoadTimeWeaver setup: ignoring JPA class transformer
2025-03-19 15:25:13 - HHH90000025: H2Dialect does not need to be specified explicitly using 'hibernate.dialect' (remove the property setting and it will be selected by default)
2025-03-19 15:25:13 - HHH10001005: Database info:
	Database JDBC URL [Connecting through datasource 'HikariDataSource (HikariPool-9)']
	Database driver: undefined/unknown
	Database version: 2.3.232
	Autocommit mode: undefined/unknown
	Isolation level: undefined/unknown
	Minimum pool size: undefined/unknown
	Maximum pool size: undefined/unknown
2025-03-19 15:25:13 - HHH000489: No JTA platform available (set 'hibernate.transaction.jta.platform' to enable JTA platform integration)
2025-03-19 15:25:13 - Initialized JPA EntityManagerFactory for persistence unit 'default'
2025-03-19 15:25:13 - spring.jpa.open-in-view is enabled by default. Therefore, database queries may be performed during view rendering. Explicitly configure spring.jpa.open-in-view to disable this warning
2025-03-19 15:25:13 - Global AuthenticationManager configured with UserDetailsService bean with name inMemoryUserDetailsManager
2025-03-19 15:25:13 - H2 console available at '/h2-console'. Database available at 'jdbc:h2:mem:pypm'
2025-03-19 15:25:13 - LiveReload server is running on port 35729
2025-03-19 15:25:13 - Tomcat started on port 8081 (http) with context path '/'
2025-03-19 15:25:13 - Started PayYouPayMeApplication in 0.505 seconds (process running for 4422.028)
2025-03-19 15:25:13 - Condition evaluation unchanged
2025-03-19 15:25:23 - Restarting due to 1 class path change (0 additions, 0 deletions, 1 modification)
2025-03-19 15:25:23 - Commencing graceful shutdown. Waiting for active requests to complete
2025-03-19 15:25:23 - Graceful shutdown complete
2025-03-19 15:25:23 - Closing JPA EntityManagerFactory for persistence unit 'default'
2025-03-19 15:25:23 - Invocation of destroy method failed on bean with name 'inMemoryDatabaseShutdownExecutor': org.h2.jdbc.JdbcSQLNonTransientConnectionException: La base de données est déjà fermée (pour désactiver la fermeture automatique à l'arrêt de la VM, ajoutez "; DB_CLOSE_ON_EXIT = FALSE" à l'URL db)
Database is already closed (to disable automatic closing at VM shutdown, add ";DB_CLOSE_ON_EXIT=FALSE" to the db URL) [90121-232]
2025-03-19 15:25:23 - HikariPool-9 - Shutdown initiated...
2025-03-19 15:25:23 - HikariPool-9 - Shutdown completed.
2025-03-19 15:25:23 - Starting PayYouPayMeApplication using Java 21.0.2 with PID 40128 (C:\Users\desch\Downloads\PayYouPayMe\PayYouPayMe\target\classes started by desch in C:\Users\desch\Downloads\PayYouPayMe\PayYouPayMe)
2025-03-19 15:25:23 - No active profile set, falling back to 1 default profile: "default"
2025-03-19 15:25:23 - Bootstrapping Spring Data JPA repositories in DEFAULT mode.
2025-03-19 15:25:23 - Finished Spring Data repository scanning in 12 ms. Found 3 JPA repository interfaces.
2025-03-19 15:25:23 - Tomcat initialized with port 8081 (http)
2025-03-19 15:25:23 - Starting service [Tomcat]
2025-03-19 15:25:23 - Starting Servlet engine: [Apache Tomcat/10.1.36]
2025-03-19 15:25:23 - Initializing Spring embedded WebApplicationContext
2025-03-19 15:25:23 - Root WebApplicationContext: initialization completed in 200 ms
2025-03-19 15:25:23 - HikariPool-10 - Starting...
2025-03-19 15:25:23 - HikariPool-10 - Added connection conn110: url=jdbc:h2:mem:pypm user=ROOT
2025-03-19 15:25:23 - HikariPool-10 - Start completed.
2025-03-19 15:25:23 - HHH000204: Processing PersistenceUnitInfo [name: default]
2025-03-19 15:25:23 - HHH000026: Second-level cache disabled
2025-03-19 15:25:23 - No LoadTimeWeaver setup: ignoring JPA class transformer
2025-03-19 15:25:23 - HHH90000025: H2Dialect does not need to be specified explicitly using 'hibernate.dialect' (remove the property setting and it will be selected by default)
2025-03-19 15:25:23 - HHH10001005: Database info:
	Database JDBC URL [Connecting through datasource 'HikariDataSource (HikariPool-10)']
	Database driver: undefined/unknown
	Database version: 2.3.232
	Autocommit mode: undefined/unknown
	Isolation level: undefined/unknown
	Minimum pool size: undefined/unknown
	Maximum pool size: undefined/unknown
2025-03-19 15:25:23 - HHH000489: No JTA platform available (set 'hibernate.transaction.jta.platform' to enable JTA platform integration)
2025-03-19 15:25:23 - Initialized JPA EntityManagerFactory for persistence unit 'default'
2025-03-19 15:25:23 - spring.jpa.open-in-view is enabled by default. Therefore, database queries may be performed during view rendering. Explicitly configure spring.jpa.open-in-view to disable this warning
2025-03-19 15:25:23 - Global AuthenticationManager configured with UserDetailsService bean with name inMemoryUserDetailsManager
2025-03-19 15:25:23 - H2 console available at '/h2-console'. Database available at 'jdbc:h2:mem:pypm'
2025-03-19 15:25:23 - LiveReload server is running on port 35729
2025-03-19 15:25:23 - Tomcat started on port 8081 (http) with context path '/'
2025-03-19 15:25:23 - Started PayYouPayMeApplication in 0.442 seconds (process running for 4432.118)
2025-03-19 15:25:23 - Condition evaluation unchanged
2025-03-19 15:27:23 - Starting PayYouPayMeApplication using Java 21.0.2 with PID 3944 (C:\Users\desch\Downloads\PayYouPayMe\PayYouPayMe\target\classes started by desch in C:\Users\desch\Downloads\PayYouPayMe\PayYouPayMe)
2025-03-19 15:27:23 - No active profile set, falling back to 1 default profile: "default"
2025-03-19 15:27:23 - Devtools property defaults active! Set 'spring.devtools.add-properties' to 'false' to disable
2025-03-19 15:27:23 - For additional web related logging consider setting the 'logging.level.web' property to 'DEBUG'
2025-03-19 15:27:24 - Bootstrapping Spring Data JPA repositories in DEFAULT mode.
2025-03-19 15:27:24 - Finished Spring Data repository scanning in 69 ms. Found 3 JPA repository interfaces.
2025-03-19 15:27:25 - Tomcat initialized with port 8081 (http)
2025-03-19 15:27:25 - Starting service [Tomcat]
2025-03-19 15:27:25 - Starting Servlet engine: [Apache Tomcat/10.1.36]
2025-03-19 15:27:25 - Initializing Spring embedded WebApplicationContext
2025-03-19 15:27:25 - Root WebApplicationContext: initialization completed in 2065 ms
2025-03-19 15:27:26 - HikariPool-1 - Starting...
2025-03-19 15:27:26 - HikariPool-1 - Added connection conn0: url=jdbc:h2:mem:pypm user=ROOT
2025-03-19 15:27:26 - HikariPool-1 - Start completed.
2025-03-19 15:27:26 - HHH000204: Processing PersistenceUnitInfo [name: default]
2025-03-19 15:27:26 - HHH000412: Hibernate ORM core version 6.6.8.Final
2025-03-19 15:27:26 - HHH000026: Second-level cache disabled
2025-03-19 15:27:27 - No LoadTimeWeaver setup: ignoring JPA class transformer
2025-03-19 15:27:27 - HHH90000025: H2Dialect does not need to be specified explicitly using 'hibernate.dialect' (remove the property setting and it will be selected by default)
2025-03-19 15:27:27 - HHH10001005: Database info:
	Database JDBC URL [Connecting through datasource 'HikariDataSource (HikariPool-1)']
	Database driver: undefined/unknown
	Database version: 2.3.232
	Autocommit mode: undefined/unknown
	Isolation level: undefined/unknown
	Minimum pool size: undefined/unknown
	Maximum pool size: undefined/unknown
2025-03-19 15:27:28 - HHH000489: No JTA platform available (set 'hibernate.transaction.jta.platform' to enable JTA platform integration)
2025-03-19 15:27:28 - Initialized JPA EntityManagerFactory for persistence unit 'default'
2025-03-19 15:27:28 - Hibernate is in classpath; If applicable, HQL parser will be used.
2025-03-19 15:27:29 - spring.jpa.open-in-view is enabled by default. Therefore, database queries may be performed during view rendering. Explicitly configure spring.jpa.open-in-view to disable this warning
2025-03-19 15:27:29 - Global AuthenticationManager configured with UserDetailsService bean with name inMemoryUserDetailsManager
2025-03-19 15:27:30 - H2 console available at '/h2-console'. Database available at 'jdbc:h2:mem:pypm'
2025-03-19 15:27:30 - Unable to start LiveReload server
2025-03-19 15:27:30 - Exception encountered during context initialization - cancelling refresh attempt: org.springframework.context.ApplicationContextException: Failed to start bean 'webServerStartStop'
2025-03-19 15:27:30 - Closing JPA EntityManagerFactory for persistence unit 'default'
2025-03-19 15:27:30 - Invocation of destroy method failed on bean with name 'inMemoryDatabaseShutdownExecutor': org.h2.jdbc.JdbcSQLNonTransientConnectionException: La base de données est déjà fermée (pour désactiver la fermeture automatique à l'arrêt de la VM, ajoutez "; DB_CLOSE_ON_EXIT = FALSE" à l'URL db)
Database is already closed (to disable automatic closing at VM shutdown, add ";DB_CLOSE_ON_EXIT=FALSE" to the db URL) [90121-232]
2025-03-19 15:27:30 - HikariPool-1 - Shutdown initiated...
2025-03-19 15:27:30 - HikariPool-1 - Shutdown completed.
2025-03-19 15:27:30 - 

Error starting ApplicationContext. To display the condition evaluation report re-run your application with 'debug' enabled.
2025-03-19 15:27:30 - 

***************************
APPLICATION FAILED TO START
***************************

Description:

Web server failed to start. Port 8081 was already in use.

Action:

Identify and stop the process that's listening on port 8081 or configure this application to listen on another port.

2025-03-19 15:27:35 - Starting PayYouPayMeApplication using Java 21.0.2 with PID 43728 (C:\Users\desch\Downloads\PayYouPayMe\PayYouPayMe\target\classes started by desch in C:\Users\desch\Downloads\PayYouPayMe\PayYouPayMe)
2025-03-19 15:27:35 - No active profile set, falling back to 1 default profile: "default"
2025-03-19 15:27:35 - Devtools property defaults active! Set 'spring.devtools.add-properties' to 'false' to disable
2025-03-19 15:27:35 - For additional web related logging consider setting the 'logging.level.web' property to 'DEBUG'
2025-03-19 15:27:36 - Bootstrapping Spring Data JPA repositories in DEFAULT mode.
2025-03-19 15:27:36 - Finished Spring Data repository scanning in 63 ms. Found 3 JPA repository interfaces.
2025-03-19 15:27:37 - Tomcat initialized with port 8081 (http)
2025-03-19 15:27:37 - Starting service [Tomcat]
2025-03-19 15:27:37 - Starting Servlet engine: [Apache Tomcat/10.1.36]
2025-03-19 15:27:37 - Initializing Spring embedded WebApplicationContext
2025-03-19 15:27:37 - Root WebApplicationContext: initialization completed in 2113 ms
2025-03-19 15:27:38 - HikariPool-1 - Starting...
2025-03-19 15:27:38 - HikariPool-1 - Added connection conn0: url=jdbc:h2:mem:pypm user=ROOT
2025-03-19 15:27:38 - HikariPool-1 - Start completed.
2025-03-19 15:27:38 - HHH000204: Processing PersistenceUnitInfo [name: default]
2025-03-19 15:27:38 - HHH000412: Hibernate ORM core version 6.6.8.Final
2025-03-19 15:27:38 - HHH000026: Second-level cache disabled
2025-03-19 15:27:38 - No LoadTimeWeaver setup: ignoring JPA class transformer
2025-03-19 15:27:39 - HHH90000025: H2Dialect does not need to be specified explicitly using 'hibernate.dialect' (remove the property setting and it will be selected by default)
2025-03-19 15:27:39 - HHH10001005: Database info:
	Database JDBC URL [Connecting through datasource 'HikariDataSource (HikariPool-1)']
	Database driver: undefined/unknown
	Database version: 2.3.232
	Autocommit mode: undefined/unknown
	Isolation level: undefined/unknown
	Minimum pool size: undefined/unknown
	Maximum pool size: undefined/unknown
2025-03-19 15:27:39 - HHH000489: No JTA platform available (set 'hibernate.transaction.jta.platform' to enable JTA platform integration)
2025-03-19 15:27:39 - Initialized JPA EntityManagerFactory for persistence unit 'default'
2025-03-19 15:27:40 - Hibernate is in classpath; If applicable, HQL parser will be used.
2025-03-19 15:27:41 - spring.jpa.open-in-view is enabled by default. Therefore, database queries may be performed during view rendering. Explicitly configure spring.jpa.open-in-view to disable this warning
2025-03-19 15:27:41 - Global AuthenticationManager configured with UserDetailsService bean with name inMemoryUserDetailsManager
2025-03-19 15:27:42 - H2 console available at '/h2-console'. Database available at 'jdbc:h2:mem:pypm'
2025-03-19 15:27:42 - LiveReload server is running on port 35729
2025-03-19 15:27:42 - Tomcat started on port 8081 (http) with context path '/'
2025-03-19 15:27:42 - Started PayYouPayMeApplication in 7.698 seconds (process running for 8.206)
2025-03-19 15:27:48 - Initializing Spring DispatcherServlet 'dispatcherServlet'
2025-03-19 15:27:48 - Initializing Servlet 'dispatcherServlet'
2025-03-19 15:27:48 - Completed initialization in 2 ms
2025-03-19 15:27:50 - Connect to allDatas!
2025-03-19 15:40:09 - Restarting due to 1 class path change (0 additions, 0 deletions, 1 modification)
2025-03-19 15:40:09 - Commencing graceful shutdown. Waiting for active requests to complete
2025-03-19 15:40:09 - Graceful shutdown complete
2025-03-19 15:40:09 - Closing JPA EntityManagerFactory for persistence unit 'default'
2025-03-19 15:40:09 - Invocation of destroy method failed on bean with name 'inMemoryDatabaseShutdownExecutor': org.h2.jdbc.JdbcSQLNonTransientConnectionException: La base de données est déjà fermée (pour désactiver la fermeture automatique à l'arrêt de la VM, ajoutez "; DB_CLOSE_ON_EXIT = FALSE" à l'URL db)
Database is already closed (to disable automatic closing at VM shutdown, add ";DB_CLOSE_ON_EXIT=FALSE" to the db URL) [90121-232]
2025-03-19 15:40:09 - HikariPool-1 - Shutdown initiated...
2025-03-19 15:40:09 - HikariPool-1 - Shutdown completed.
2025-03-19 15:40:09 - Starting PayYouPayMeApplication using Java 21.0.2 with PID 43728 (C:\Users\desch\Downloads\PayYouPayMe\PayYouPayMe\target\classes started by desch in C:\Users\desch\Downloads\PayYouPayMe\PayYouPayMe)
2025-03-19 15:40:09 - No active profile set, falling back to 1 default profile: "default"
2025-03-19 15:40:09 - Bootstrapping Spring Data JPA repositories in DEFAULT mode.
2025-03-19 15:40:09 - Finished Spring Data repository scanning in 13 ms. Found 3 JPA repository interfaces.
2025-03-19 15:40:09 - Tomcat initialized with port 8081 (http)
2025-03-19 15:40:09 - Starting service [Tomcat]
2025-03-19 15:40:09 - Starting Servlet engine: [Apache Tomcat/10.1.36]
2025-03-19 15:40:10 - Initializing Spring embedded WebApplicationContext
2025-03-19 15:40:10 - Root WebApplicationContext: initialization completed in 334 ms
2025-03-19 15:40:10 - HikariPool-2 - Starting...
2025-03-19 15:40:10 - HikariPool-2 - Added connection conn11: url=jdbc:h2:mem:pypm user=ROOT
2025-03-19 15:40:10 - HikariPool-2 - Start completed.
2025-03-19 15:40:10 - HHH000204: Processing PersistenceUnitInfo [name: default]
2025-03-19 15:40:10 - HHH000026: Second-level cache disabled
2025-03-19 15:40:10 - No LoadTimeWeaver setup: ignoring JPA class transformer
2025-03-19 15:40:10 - HHH90000025: H2Dialect does not need to be specified explicitly using 'hibernate.dialect' (remove the property setting and it will be selected by default)
2025-03-19 15:40:10 - HHH10001005: Database info:
	Database JDBC URL [Connecting through datasource 'HikariDataSource (HikariPool-2)']
	Database driver: undefined/unknown
	Database version: 2.3.232
	Autocommit mode: undefined/unknown
	Isolation level: undefined/unknown
	Minimum pool size: undefined/unknown
	Maximum pool size: undefined/unknown
2025-03-19 15:40:10 - HHH000489: No JTA platform available (set 'hibernate.transaction.jta.platform' to enable JTA platform integration)
2025-03-19 15:40:10 - Initialized JPA EntityManagerFactory for persistence unit 'default'
2025-03-19 15:40:10 - spring.jpa.open-in-view is enabled by default. Therefore, database queries may be performed during view rendering. Explicitly configure spring.jpa.open-in-view to disable this warning
2025-03-19 15:40:10 - Global AuthenticationManager configured with UserDetailsService bean with name inMemoryUserDetailsManager
2025-03-19 15:40:10 - H2 console available at '/h2-console'. Database available at 'jdbc:h2:mem:pypm'
2025-03-19 15:40:10 - LiveReload server is running on port 35729
2025-03-19 15:40:10 - Tomcat started on port 8081 (http) with context path '/'
2025-03-19 15:40:10 - Started PayYouPayMeApplication in 0.785 seconds (process running for 755.944)
2025-03-19 15:40:10 - Condition evaluation unchanged
2025-03-19 15:40:16 - Restarting due to 1 class path change (0 additions, 0 deletions, 1 modification)
2025-03-19 15:40:16 - Commencing graceful shutdown. Waiting for active requests to complete
2025-03-19 15:40:16 - Graceful shutdown complete
2025-03-19 15:40:16 - Closing JPA EntityManagerFactory for persistence unit 'default'
2025-03-19 15:40:16 - Invocation of destroy method failed on bean with name 'inMemoryDatabaseShutdownExecutor': org.h2.jdbc.JdbcSQLNonTransientConnectionException: La base de données est déjà fermée (pour désactiver la fermeture automatique à l'arrêt de la VM, ajoutez "; DB_CLOSE_ON_EXIT = FALSE" à l'URL db)
Database is already closed (to disable automatic closing at VM shutdown, add ";DB_CLOSE_ON_EXIT=FALSE" to the db URL) [90121-232]
2025-03-19 15:40:16 - HikariPool-2 - Shutdown initiated...
2025-03-19 15:40:16 - HikariPool-2 - Shutdown completed.
2025-03-19 15:40:17 - Starting PayYouPayMeApplication using Java 21.0.2 with PID 43728 (C:\Users\desch\Downloads\PayYouPayMe\PayYouPayMe\target\classes started by desch in C:\Users\desch\Downloads\PayYouPayMe\PayYouPayMe)
2025-03-19 15:40:17 - No active profile set, falling back to 1 default profile: "default"
2025-03-19 15:40:17 - Bootstrapping Spring Data JPA repositories in DEFAULT mode.
2025-03-19 15:40:17 - Finished Spring Data repository scanning in 13 ms. Found 3 JPA repository interfaces.
2025-03-19 15:40:17 - Tomcat initialized with port 8081 (http)
2025-03-19 15:40:17 - Starting service [Tomcat]
2025-03-19 15:40:17 - Starting Servlet engine: [Apache Tomcat/10.1.36]
2025-03-19 15:40:17 - Initializing Spring embedded WebApplicationContext
2025-03-19 15:40:17 - Root WebApplicationContext: initialization completed in 270 ms
2025-03-19 15:40:17 - HikariPool-3 - Starting...
2025-03-19 15:40:17 - HikariPool-3 - Added connection conn21: url=jdbc:h2:mem:pypm user=ROOT
2025-03-19 15:40:17 - HikariPool-3 - Start completed.
2025-03-19 15:40:17 - HHH000204: Processing PersistenceUnitInfo [name: default]
2025-03-19 15:40:17 - HHH000026: Second-level cache disabled
2025-03-19 15:40:17 - No LoadTimeWeaver setup: ignoring JPA class transformer
2025-03-19 15:40:17 - HHH90000025: H2Dialect does not need to be specified explicitly using 'hibernate.dialect' (remove the property setting and it will be selected by default)
2025-03-19 15:40:17 - HHH10001005: Database info:
	Database JDBC URL [Connecting through datasource 'HikariDataSource (HikariPool-3)']
	Database driver: undefined/unknown
	Database version: 2.3.232
	Autocommit mode: undefined/unknown
	Isolation level: undefined/unknown
	Minimum pool size: undefined/unknown
	Maximum pool size: undefined/unknown
2025-03-19 15:40:17 - HHH000489: No JTA platform available (set 'hibernate.transaction.jta.platform' to enable JTA platform integration)
2025-03-19 15:40:17 - Initialized JPA EntityManagerFactory for persistence unit 'default'
2025-03-19 15:40:17 - spring.jpa.open-in-view is enabled by default. Therefore, database queries may be performed during view rendering. Explicitly configure spring.jpa.open-in-view to disable this warning
2025-03-19 15:40:17 - Global AuthenticationManager configured with UserDetailsService bean with name inMemoryUserDetailsManager
2025-03-19 15:40:17 - H2 console available at '/h2-console'. Database available at 'jdbc:h2:mem:pypm'
2025-03-19 15:40:17 - LiveReload server is running on port 35729
2025-03-19 15:40:17 - Tomcat started on port 8081 (http) with context path '/'
2025-03-19 15:40:17 - Started PayYouPayMeApplication in 0.593 seconds (process running for 763.112)
2025-03-19 15:40:17 - Condition evaluation unchanged
2025-03-19 15:51:28 - Starting PayYouPayMeApplication using Java 21.0.2 with PID 31564 (C:\Users\desch\Downloads\PayYouPayMe\PayYouPayMe\target\classes started by desch in C:\Users\desch\Downloads\PayYouPayMe\PayYouPayMe)
2025-03-19 15:51:28 - No active profile set, falling back to 1 default profile: "default"
2025-03-19 15:51:28 - Devtools property defaults active! Set 'spring.devtools.add-properties' to 'false' to disable
2025-03-19 15:51:28 - For additional web related logging consider setting the 'logging.level.web' property to 'DEBUG'
2025-03-19 15:51:29 - Bootstrapping Spring Data JPA repositories in DEFAULT mode.
2025-03-19 15:51:29 - Finished Spring Data repository scanning in 60 ms. Found 3 JPA repository interfaces.
2025-03-19 15:51:30 - Tomcat initialized with port 8081 (http)
2025-03-19 15:51:30 - Starting service [Tomcat]
2025-03-19 15:51:30 - Starting Servlet engine: [Apache Tomcat/10.1.36]
2025-03-19 15:51:30 - Initializing Spring embedded WebApplicationContext
2025-03-19 15:51:30 - Root WebApplicationContext: initialization completed in 1813 ms
2025-03-19 15:51:30 - HikariPool-1 - Starting...
2025-03-19 15:51:30 - HikariPool-1 - Added connection conn0: url=jdbc:h2:mem:pypm user=ROOT
2025-03-19 15:51:30 - HikariPool-1 - Start completed.
2025-03-19 15:51:30 - HHH000204: Processing PersistenceUnitInfo [name: default]
2025-03-19 15:51:30 - HHH000412: Hibernate ORM core version 6.6.8.Final
2025-03-19 15:51:31 - HHH000026: Second-level cache disabled
2025-03-19 15:51:31 - No LoadTimeWeaver setup: ignoring JPA class transformer
2025-03-19 15:51:31 - HHH90000025: H2Dialect does not need to be specified explicitly using 'hibernate.dialect' (remove the property setting and it will be selected by default)
2025-03-19 15:51:31 - HHH10001005: Database info:
	Database JDBC URL [Connecting through datasource 'HikariDataSource (HikariPool-1)']
	Database driver: undefined/unknown
	Database version: 2.3.232
	Autocommit mode: undefined/unknown
	Isolation level: undefined/unknown
	Minimum pool size: undefined/unknown
	Maximum pool size: undefined/unknown
2025-03-19 15:51:32 - HHH000489: No JTA platform available (set 'hibernate.transaction.jta.platform' to enable JTA platform integration)
2025-03-19 15:51:32 - Initialized JPA EntityManagerFactory for persistence unit 'default'
2025-03-19 15:51:32 - Hibernate is in classpath; If applicable, HQL parser will be used.
2025-03-19 15:51:33 - spring.jpa.open-in-view is enabled by default. Therefore, database queries may be performed during view rendering. Explicitly configure spring.jpa.open-in-view to disable this warning
2025-03-19 15:51:33 - Global AuthenticationManager configured with UserDetailsService bean with name inMemoryUserDetailsManager
2025-03-19 15:51:34 - H2 console available at '/h2-console'. Database available at 'jdbc:h2:mem:pypm'
2025-03-19 15:51:34 - LiveReload server is running on port 35729
2025-03-19 15:51:34 - Tomcat started on port 8081 (http) with context path '/'
2025-03-19 15:51:34 - Started PayYouPayMeApplication in 7.431 seconds (process running for 7.959)
2025-03-19 15:51:41 - Initializing Spring DispatcherServlet 'dispatcherServlet'
2025-03-19 15:51:41 - Initializing Servlet 'dispatcherServlet'
2025-03-19 15:51:41 - Completed initialization in 2 ms
2025-03-19 15:52:06 - Resolved [org.springframework.web.bind.MissingServletRequestParameterException: Required request parameter 'username' for method parameter type String is not present]
2025-03-19 15:53:36 - Restarting due to 1 class path change (0 additions, 0 deletions, 1 modification)
2025-03-19 15:53:36 - Commencing graceful shutdown. Waiting for active requests to complete
2025-03-19 15:53:36 - Graceful shutdown complete
2025-03-19 15:53:36 - Closing JPA EntityManagerFactory for persistence unit 'default'
2025-03-19 15:53:36 - Invocation of destroy method failed on bean with name 'inMemoryDatabaseShutdownExecutor': org.h2.jdbc.JdbcSQLNonTransientConnectionException: La base de données est déjà fermée (pour désactiver la fermeture automatique à l'arrêt de la VM, ajoutez "; DB_CLOSE_ON_EXIT = FALSE" à l'URL db)
Database is already closed (to disable automatic closing at VM shutdown, add ";DB_CLOSE_ON_EXIT=FALSE" to the db URL) [90121-232]
2025-03-19 15:53:36 - HikariPool-1 - Shutdown initiated...
2025-03-19 15:53:36 - HikariPool-1 - Shutdown completed.
2025-03-19 15:53:36 - Starting PayYouPayMeApplication using Java 21.0.2 with PID 31564 (C:\Users\desch\Downloads\PayYouPayMe\PayYouPayMe\target\classes started by desch in C:\Users\desch\Downloads\PayYouPayMe\PayYouPayMe)
2025-03-19 15:53:36 - No active profile set, falling back to 1 default profile: "default"
2025-03-19 15:53:37 - Bootstrapping Spring Data JPA repositories in DEFAULT mode.
2025-03-19 15:53:37 - Finished Spring Data repository scanning in 23 ms. Found 3 JPA repository interfaces.
2025-03-19 15:53:37 - Tomcat initialized with port 8081 (http)
2025-03-19 15:53:37 - Starting service [Tomcat]
2025-03-19 15:53:37 - Starting Servlet engine: [Apache Tomcat/10.1.36]
2025-03-19 15:53:37 - Initializing Spring embedded WebApplicationContext
2025-03-19 15:53:37 - Root WebApplicationContext: initialization completed in 450 ms
2025-03-19 15:53:37 - HikariPool-2 - Starting...
2025-03-19 15:53:37 - HikariPool-2 - Added connection conn10: url=jdbc:h2:mem:pypm user=ROOT
2025-03-19 15:53:37 - HikariPool-2 - Start completed.
2025-03-19 15:53:37 - HHH000204: Processing PersistenceUnitInfo [name: default]
2025-03-19 15:53:37 - HHH000026: Second-level cache disabled
2025-03-19 15:53:37 - No LoadTimeWeaver setup: ignoring JPA class transformer
2025-03-19 15:53:37 - HHH90000025: H2Dialect does not need to be specified explicitly using 'hibernate.dialect' (remove the property setting and it will be selected by default)
2025-03-19 15:53:37 - HHH10001005: Database info:
	Database JDBC URL [Connecting through datasource 'HikariDataSource (HikariPool-2)']
	Database driver: undefined/unknown
	Database version: 2.3.232
	Autocommit mode: undefined/unknown
	Isolation level: undefined/unknown
	Minimum pool size: undefined/unknown
	Maximum pool size: undefined/unknown
2025-03-19 15:53:37 - HHH000489: No JTA platform available (set 'hibernate.transaction.jta.platform' to enable JTA platform integration)
2025-03-19 15:53:37 - Initialized JPA EntityManagerFactory for persistence unit 'default'
2025-03-19 15:53:37 - spring.jpa.open-in-view is enabled by default. Therefore, database queries may be performed during view rendering. Explicitly configure spring.jpa.open-in-view to disable this warning
2025-03-19 15:53:37 - Global AuthenticationManager configured with UserDetailsService bean with name inMemoryUserDetailsManager
2025-03-19 15:53:37 - H2 console available at '/h2-console'. Database available at 'jdbc:h2:mem:pypm'
2025-03-19 15:53:37 - LiveReload server is running on port 35729
2025-03-19 15:53:37 - Tomcat started on port 8081 (http) with context path '/'
2025-03-19 15:53:37 - Started PayYouPayMeApplication in 0.84 seconds (process running for 130.531)
2025-03-19 15:53:37 - Condition evaluation unchanged
2025-03-19 15:53:40 - Initializing Spring DispatcherServlet 'dispatcherServlet'
2025-03-19 15:53:40 - Initializing Servlet 'dispatcherServlet'
2025-03-19 15:53:40 - Completed initialization in 1 ms
2025-03-19 15:55:43 - Restarting due to 1 class path change (0 additions, 0 deletions, 1 modification)
2025-03-19 15:55:43 - Commencing graceful shutdown. Waiting for active requests to complete
2025-03-19 15:55:43 - Graceful shutdown complete
2025-03-19 15:55:43 - Closing JPA EntityManagerFactory for persistence unit 'default'
2025-03-19 15:55:43 - Invocation of destroy method failed on bean with name 'inMemoryDatabaseShutdownExecutor': org.h2.jdbc.JdbcSQLNonTransientConnectionException: La base de données est déjà fermée (pour désactiver la fermeture automatique à l'arrêt de la VM, ajoutez "; DB_CLOSE_ON_EXIT = FALSE" à l'URL db)
Database is already closed (to disable automatic closing at VM shutdown, add ";DB_CLOSE_ON_EXIT=FALSE" to the db URL) [90121-232]
2025-03-19 15:55:43 - HikariPool-2 - Shutdown initiated...
2025-03-19 15:55:43 - HikariPool-2 - Shutdown completed.
2025-03-19 15:55:43 - Starting PayYouPayMeApplication using Java 21.0.2 with PID 31564 (C:\Users\desch\Downloads\PayYouPayMe\PayYouPayMe\target\classes started by desch in C:\Users\desch\Downloads\PayYouPayMe\PayYouPayMe)
2025-03-19 15:55:43 - No active profile set, falling back to 1 default profile: "default"
2025-03-19 15:55:43 - Bootstrapping Spring Data JPA repositories in DEFAULT mode.
2025-03-19 15:55:43 - Finished Spring Data repository scanning in 13 ms. Found 3 JPA repository interfaces.
2025-03-19 15:55:43 - Tomcat initialized with port 8081 (http)
2025-03-19 15:55:43 - Starting service [Tomcat]
2025-03-19 15:55:43 - Starting Servlet engine: [Apache Tomcat/10.1.36]
2025-03-19 15:55:43 - Initializing Spring embedded WebApplicationContext
2025-03-19 15:55:43 - Root WebApplicationContext: initialization completed in 305 ms
2025-03-19 15:55:43 - HikariPool-3 - Starting...
2025-03-19 15:55:43 - HikariPool-3 - Added connection conn21: url=jdbc:h2:mem:pypm user=ROOT
2025-03-19 15:55:43 - HikariPool-3 - Start completed.
2025-03-19 15:55:43 - HHH000204: Processing PersistenceUnitInfo [name: default]
2025-03-19 15:55:43 - HHH000026: Second-level cache disabled
2025-03-19 15:55:43 - No LoadTimeWeaver setup: ignoring JPA class transformer
2025-03-19 15:55:43 - HHH90000025: H2Dialect does not need to be specified explicitly using 'hibernate.dialect' (remove the property setting and it will be selected by default)
2025-03-19 15:55:43 - HHH10001005: Database info:
	Database JDBC URL [Connecting through datasource 'HikariDataSource (HikariPool-3)']
	Database driver: undefined/unknown
	Database version: 2.3.232
	Autocommit mode: undefined/unknown
	Isolation level: undefined/unknown
	Minimum pool size: undefined/unknown
	Maximum pool size: undefined/unknown
2025-03-19 15:55:43 - HHH000489: No JTA platform available (set 'hibernate.transaction.jta.platform' to enable JTA platform integration)
2025-03-19 15:55:43 - Initialized JPA EntityManagerFactory for persistence unit 'default'
2025-03-19 15:55:43 - spring.jpa.open-in-view is enabled by default. Therefore, database queries may be performed during view rendering. Explicitly configure spring.jpa.open-in-view to disable this warning
2025-03-19 15:55:43 - Global AuthenticationManager configured with UserDetailsService bean with name inMemoryUserDetailsManager
2025-03-19 15:55:43 - H2 console available at '/h2-console'. Database available at 'jdbc:h2:mem:pypm'
2025-03-19 15:55:43 - LiveReload server is running on port 35729
2025-03-19 15:55:43 - Tomcat started on port 8081 (http) with context path '/'
2025-03-19 15:55:43 - Started PayYouPayMeApplication in 0.658 seconds (process running for 256.929)
2025-03-19 15:55:43 - Condition evaluation unchanged
2025-03-19 15:55:51 - Initializing Spring DispatcherServlet 'dispatcherServlet'
2025-03-19 15:55:51 - Initializing Servlet 'dispatcherServlet'
2025-03-19 15:55:51 - Completed initialization in 1 ms
